{"total": {"lines":{"total":144,"covered":139,"skipped":0,"pct":96.53},"statements":{"total":158,"covered":153,"skipped":0,"pct":96.84},"functions":{"total":47,"covered":47,"skipped":0,"pct":100},"branches":{"total":72,"covered":63,"skipped":0,"pct":87.5}}
,"/Users/zprial/workspace/haoduo/cache-strategies/src/index.ts": {"lines":{"total":3,"covered":3,"skipped":0,"pct":100},"functions":{"total":0,"covered":0,"skipped":0,"pct":100},"statements":{"total":3,"covered":3,"skipped":0,"pct":100},"branches":{"total":0,"covered":0,"skipped":0,"pct":100}}
,"/Users/zprial/workspace/haoduo/cache-strategies/src/utils.ts": {"lines":{"total":2,"covered":2,"skipped":0,"pct":100},"functions":{"total":1,"covered":1,"skipped":0,"pct":100},"statements":{"total":3,"covered":3,"skipped":0,"pct":100},"branches":{"total":0,"covered":0,"skipped":0,"pct":100}}
,"/Users/zprial/workspace/haoduo/cache-strategies/src/adapters/index.ts": {"lines":{"total":9,"covered":6,"skipped":0,"pct":66.67},"functions":{"total":1,"covered":1,"skipped":0,"pct":100},"statements":{"total":9,"covered":6,"skipped":0,"pct":66.67},"branches":{"total":8,"covered":3,"skipped":0,"pct":37.5}}
,"/Users/zprial/workspace/haoduo/cache-strategies/src/adapters/memory.ts": {"lines":{"total":16,"covered":16,"skipped":0,"pct":100},"functions":{"total":4,"covered":4,"skipped":0,"pct":100},"statements":{"total":16,"covered":16,"skipped":0,"pct":100},"branches":{"total":8,"covered":8,"skipped":0,"pct":100}}
,"/Users/zprial/workspace/haoduo/cache-strategies/src/adapters/web.ts": {"lines":{"total":17,"covered":16,"skipped":0,"pct":94.12},"functions":{"total":3,"covered":3,"skipped":0,"pct":100},"statements":{"total":17,"covered":16,"skipped":0,"pct":94.12},"branches":{"total":8,"covered":8,"skipped":0,"pct":100}}
,"/Users/zprial/workspace/haoduo/cache-strategies/src/adapters/wx_tinyapp.ts": {"lines":{"total":17,"covered":16,"skipped":0,"pct":94.12},"functions":{"total":3,"covered":3,"skipped":0,"pct":100},"statements":{"total":17,"covered":16,"skipped":0,"pct":94.12},"branches":{"total":8,"covered":8,"skipped":0,"pct":100}}
,"/Users/zprial/workspace/haoduo/cache-strategies/src/core/CacheStrategy.ts": {"lines":{"total":67,"covered":67,"skipped":0,"pct":100},"functions":{"total":30,"covered":30,"skipped":0,"pct":100},"statements":{"total":78,"covered":78,"skipped":0,"pct":100},"branches":{"total":28,"covered":24,"skipped":0,"pct":85.71}}
,"/Users/zprial/workspace/haoduo/cache-strategies/src/validator/index.ts": {"lines":{"total":9,"covered":9,"skipped":0,"pct":100},"functions":{"total":2,"covered":2,"skipped":0,"pct":100},"statements":{"total":11,"covered":11,"skipped":0,"pct":100},"branches":{"total":11,"covered":11,"skipped":0,"pct":100}}
,"/Users/zprial/workspace/haoduo/cache-strategies/test/sleep.ts": {"lines":{"total":4,"covered":4,"skipped":0,"pct":100},"functions":{"total":3,"covered":3,"skipped":0,"pct":100},"statements":{"total":4,"covered":4,"skipped":0,"pct":100},"branches":{"total":1,"covered":1,"skipped":0,"pct":100}}
}
