{"total": {"lines":{"total":206,"covered":180,"skipped":0,"pct":87.38},"statements":{"total":225,"covered":199,"skipped":0,"pct":88.44},"functions":{"total":65,"covered":55,"skipped":0,"pct":84.62},"branches":{"total":110,"covered":78,"skipped":0,"pct":70.91}}
,"/Users/zprial/workspace/haoduo/cache-strategies/src/constants.ts": {"lines":{"total":1,"covered":1,"skipped":0,"pct":100},"functions":{"total":0,"covered":0,"skipped":0,"pct":100},"statements":{"total":1,"covered":1,"skipped":0,"pct":100},"branches":{"total":0,"covered":0,"skipped":0,"pct":100}}
,"/Users/zprial/workspace/haoduo/cache-strategies/src/index.ts": {"lines":{"total":12,"covered":12,"skipped":0,"pct":100},"functions":{"total":2,"covered":0,"skipped":0,"pct":0},"statements":{"total":12,"covered":12,"skipped":0,"pct":100},"branches":{"total":0,"covered":0,"skipped":0,"pct":100}}
,"/Users/zprial/workspace/haoduo/cache-strategies/src/utils.ts": {"lines":{"total":2,"covered":2,"skipped":0,"pct":100},"functions":{"total":1,"covered":1,"skipped":0,"pct":100},"statements":{"total":3,"covered":3,"skipped":0,"pct":100},"branches":{"total":0,"covered":0,"skipped":0,"pct":100}}
,"/Users/zprial/workspace/haoduo/cache-strategies/src/adapters/dd_tinyapp.ts": {"lines":{"total":18,"covered":16,"skipped":0,"pct":88.89},"functions":{"total":4,"covered":3,"skipped":0,"pct":75},"statements":{"total":18,"covered":16,"skipped":0,"pct":88.89},"branches":{"total":12,"covered":8,"skipped":0,"pct":66.67}}
,"/Users/zprial/workspace/haoduo/cache-strategies/src/adapters/index.ts": {"lines":{"total":13,"covered":8,"skipped":0,"pct":61.54},"functions":{"total":3,"covered":1,"skipped":0,"pct":33.33},"statements":{"total":17,"covered":12,"skipped":0,"pct":70.59},"branches":{"total":12,"covered":3,"skipped":0,"pct":25}}
,"/Users/zprial/workspace/haoduo/cache-strategies/src/adapters/memory.ts": {"lines":{"total":32,"covered":18,"skipped":0,"pct":56.25},"functions":{"total":8,"covered":4,"skipped":0,"pct":50},"statements":{"total":32,"covered":18,"skipped":0,"pct":56.25},"branches":{"total":16,"covered":8,"skipped":0,"pct":50}}
,"/Users/zprial/workspace/haoduo/cache-strategies/src/adapters/web.ts": {"lines":{"total":18,"covered":17,"skipped":0,"pct":94.44},"functions":{"total":4,"covered":4,"skipped":0,"pct":100},"statements":{"total":18,"covered":17,"skipped":0,"pct":94.44},"branches":{"total":8,"covered":8,"skipped":0,"pct":100}}
,"/Users/zprial/workspace/haoduo/cache-strategies/src/adapters/wx_tinyapp.ts": {"lines":{"total":18,"covered":16,"skipped":0,"pct":88.89},"functions":{"total":4,"covered":3,"skipped":0,"pct":75},"statements":{"total":18,"covered":16,"skipped":0,"pct":88.89},"branches":{"total":12,"covered":8,"skipped":0,"pct":66.67}}
,"/Users/zprial/workspace/haoduo/cache-strategies/src/core/CacheStrategy.ts": {"lines":{"total":79,"covered":77,"skipped":0,"pct":97.47},"functions":{"total":34,"covered":34,"skipped":0,"pct":100},"statements":{"total":91,"covered":89,"skipped":0,"pct":97.8},"branches":{"total":38,"covered":31,"skipped":0,"pct":81.58}}
,"/Users/zprial/workspace/haoduo/cache-strategies/src/validator/index.ts": {"lines":{"total":9,"covered":9,"skipped":0,"pct":100},"functions":{"total":2,"covered":2,"skipped":0,"pct":100},"statements":{"total":11,"covered":11,"skipped":0,"pct":100},"branches":{"total":11,"covered":11,"skipped":0,"pct":100}}
,"/Users/zprial/workspace/haoduo/cache-strategies/test/sleep.ts": {"lines":{"total":4,"covered":4,"skipped":0,"pct":100},"functions":{"total":3,"covered":3,"skipped":0,"pct":100},"statements":{"total":4,"covered":4,"skipped":0,"pct":100},"branches":{"total":1,"covered":1,"skipped":0,"pct":100}}
}
