TN:
SF:src/index.ts
FNF:0
FNH:0
DA:1,1
DA:3,1
DA:4,1
LF:3
LH:3
BRF:0
BRH:0
end_of_record
TN:
SF:src/utils.ts
FN:3,(anonymous_2)
FNF:1
FNH:1
FNDA:12,(anonymous_2)
DA:3,1
DA:7,12
LF:2
LH:2
BRF:0
BRH:0
end_of_record
TN:
SF:src/adapters/index.ts
FN:4,getDefaultAdapter
FNF:1
FNH:1
FNDA:1,getDefaultAdapter
DA:2,1
DA:4,1
DA:5,1
DA:6,1
DA:9,0
LF:5
LH:4
BRDA:5,0,0,1
BRDA:5,0,1,0
BRDA:5,1,0,1
BRDA:5,1,1,1
BRF:4
BRH:3
end_of_record
TN:
SF:src/adapters/web.ts
FN:5,(anonymous_13)
FN:19,(anonymous_16)
FN:25,(anonymous_19)
FNF:3
FNH:3
FNDA:14,(anonymous_13)
FNDA:12,(anonymous_16)
FNDA:2,(anonymous_19)
DA:2,2
DA:4,2
DA:6,14
DA:7,1
DA:9,13
DA:10,13
DA:11,7
DA:12,7
DA:14,0
DA:17,6
DA:20,12
DA:21,1
DA:23,11
DA:26,2
DA:27,1
DA:29,1
DA:33,2
LF:17
LH:16
BRDA:6,0,0,1
BRDA:6,0,1,13
BRDA:10,1,0,7
BRDA:10,1,1,6
BRDA:20,2,0,1
BRDA:20,2,1,11
BRDA:26,3,0,1
BRDA:26,3,1,1
BRF:8
BRH:8
end_of_record
TN:
SF:src/core/CacheStrategy.ts
FN:7,(anonymous_16)
FN:9,CacheStrategy
FN:20,(anonymous_18)
FN:34,(anonymous_19)
FN:56,(anonymous_20)
FN:77,(anonymous_23)
FN:81,(anonymous_24)
FN:86,(anonymous_27)
FN:86,(anonymous_28)
FN:98,(anonymous_30)
FN:102,(anonymous_31)
FN:111,(anonymous_34)
FN:115,(anonymous_35)
FN:123,(anonymous_38)
FN:127,(anonymous_39)
FN:146,(anonymous_42)
FN:150,(anonymous_43)
FN:168,(anonymous_46)
FN:172,(anonymous_47)
FN:176,(anonymous_50)
FN:191,(anonymous_51)
FN:196,(anonymous_52)
FN:201,(anonymous_55)
FN:201,(anonymous_56)
FNF:24
FNH:24
FNDA:1,(anonymous_16)
FNDA:1,CacheStrategy
FNDA:1,(anonymous_18)
FNDA:12,(anonymous_19)
FNDA:11,(anonymous_20)
FNDA:1,(anonymous_23)
FNDA:3,(anonymous_24)
FNDA:2,(anonymous_27)
FNDA:2,(anonymous_28)
FNDA:1,(anonymous_30)
FNDA:1,(anonymous_31)
FNDA:1,(anonymous_34)
FNDA:1,(anonymous_35)
FNDA:1,(anonymous_38)
FNDA:2,(anonymous_39)
FNDA:1,(anonymous_42)
FNDA:2,(anonymous_43)
FNDA:1,(anonymous_46)
FNDA:2,(anonymous_47)
FNDA:2,(anonymous_50)
FNDA:1,(anonymous_51)
FNDA:2,(anonymous_52)
FNDA:1,(anonymous_55)
FNDA:1,(anonymous_56)
DA:1,1
DA:3,1
DA:4,1
DA:5,1
DA:7,1
DA:10,1
DA:11,1
DA:20,1
DA:21,1
DA:34,1
DA:39,12
DA:41,12
DA:44,12
DA:56,1
DA:61,11
DA:62,10
DA:63,10
DA:65,1
DA:77,1
DA:81,6
DA:82,3
DA:84,3
DA:85,3
DA:86,2
DA:87,2
DA:89,2
DA:91,1
DA:92,1
DA:93,1
DA:98,1
DA:102,2
DA:103,1
DA:105,1
DA:106,1
DA:111,1
DA:115,2
DA:116,1
DA:117,1
DA:123,1
DA:127,4
DA:128,2
DA:131,2
DA:132,2
DA:133,1
DA:135,1
DA:136,1
DA:137,1
DA:146,1
DA:150,4
DA:151,2
DA:154,2
DA:155,1
DA:156,1
DA:161,1
DA:162,1
DA:168,1
DA:172,4
DA:173,2
DA:175,2
DA:177,2
DA:178,2
DA:182,2
DA:183,2
DA:191,1
DA:196,4
DA:197,2
DA:199,2
DA:200,3
DA:201,1
DA:202,1
DA:203,1
DA:205,1
DA:207,1
DA:208,1
DA:209,1
DA:213,1
DA:215,1
LF:77
LH:77
BRDA:10,0,0,1
BRDA:10,0,1,1
BRDA:15,1,0,1
BRDA:15,1,1,1
BRDA:41,2,0,12
BRDA:41,2,1,12
BRDA:41,3,0,0
BRDA:41,3,1,12
BRDA:41,4,0,12
BRDA:41,4,1,12
BRDA:61,5,0,11
BRDA:61,6,0,10
BRDA:61,6,1,1
BRDA:85,7,0,2
BRDA:85,7,1,1
BRDA:116,8,0,1
BRDA:132,9,0,1
BRDA:132,9,1,1
BRDA:161,10,0,1
BRDA:155,11,0,1
BRDA:155,11,1,0
BRDA:207,12,0,1
BRDA:200,13,0,1
BRDA:200,13,1,1
BRDA:203,14,0,1
BRDA:203,14,1,0
BRF:26
BRH:23
end_of_record
TN:
SF:src/validator/index.ts
FN:7,(anonymous_0)
FN:23,(anonymous_1)
FNF:2
FNH:2
FNDA:35,(anonymous_0)
FNDA:23,(anonymous_1)
DA:7,3
DA:11,35
DA:12,26
DA:14,9
DA:15,9
DA:23,3
DA:24,23
DA:31,6
DA:33,17
LF:9
LH:9
BRDA:11,0,0,26
BRDA:11,0,1,9
BRDA:11,1,0,35
BRDA:11,1,1,32
BRDA:24,2,0,6
BRDA:24,2,1,17
BRDA:25,3,0,23
BRDA:25,3,1,22
BRDA:25,3,2,20
BRDA:25,3,3,19
BRDA:25,3,4,18
BRF:11
BRH:11
end_of_record
TN:
SF:test/sleep.ts
FN:1,sleep
FN:2,(anonymous_1)
FN:3,(anonymous_2)
FNF:3
FNH:3
FNDA:8,sleep
FNDA:8,(anonymous_1)
FNDA:8,(anonymous_2)
DA:1,14
DA:2,8
DA:3,8
DA:4,8
LF:4
LH:4
BRDA:1,0,0,6
BRDA:1,0,1,2
BRF:2
BRH:2
end_of_record
