TN:
SF:mock/DDLocalStorageMock.ts
FN:3,(anonymous_0)
FN:7,(anonymous_1)
FN:11,(anonymous_2)
FN:13,(anonymous_3)
FN:16,(anonymous_4)
FN:20,(anonymous_5)
FN:22,(anonymous_6)
FN:25,(anonymous_7)
FN:29,(anonymous_8)
FN:31,(anonymous_9)
FN:34,(anonymous_10)
FN:37,(anonymous_11)
FNF:12
FNH:12
FNDA:1,(anonymous_0)
FNDA:28,(anonymous_1)
FNDA:2,(anonymous_2)
FNDA:2,(anonymous_3)
FNDA:2,(anonymous_4)
FNDA:4,(anonymous_5)
FNDA:4,(anonymous_6)
FNDA:4,(anonymous_7)
FNDA:1,(anonymous_8)
FNDA:1,(anonymous_9)
FNDA:1,(anonymous_10)
FNDA:2,(anonymous_11)
DA:1,1
DA:4,1
DA:8,28
DA:12,2
DA:13,2
DA:17,2
DA:21,4
DA:22,4
DA:26,4
DA:30,1
DA:31,1
DA:35,1
DA:38,2
LF:13
LH:13
BRDA:17,0,0,2
BRDA:17,0,1,1
BRF:2
BRH:2
end_of_record
TN:
SF:mock/WXLocalStorageMock.ts
FN:3,(anonymous_0)
FN:7,(anonymous_1)
FN:11,(anonymous_2)
FN:13,(anonymous_3)
FN:16,(anonymous_4)
FN:20,(anonymous_5)
FN:22,(anonymous_6)
FN:25,(anonymous_7)
FN:29,(anonymous_8)
FN:31,(anonymous_9)
FN:34,(anonymous_10)
FN:38,(anonymous_11)
FNF:12
FNH:12
FNDA:1,(anonymous_0)
FNDA:28,(anonymous_1)
FNDA:2,(anonymous_2)
FNDA:2,(anonymous_3)
FNDA:2,(anonymous_4)
FNDA:4,(anonymous_5)
FNDA:4,(anonymous_6)
FNDA:4,(anonymous_7)
FNDA:1,(anonymous_8)
FNDA:1,(anonymous_9)
FNDA:1,(anonymous_10)
FNDA:2,(anonymous_11)
DA:1,1
DA:4,1
DA:8,28
DA:12,2
DA:13,2
DA:17,2
DA:21,4
DA:22,4
DA:26,4
DA:30,1
DA:31,1
DA:35,1
DA:39,2
LF:13
LH:13
BRDA:17,0,0,2
BRDA:17,0,1,1
BRF:2
BRH:2
end_of_record
TN:
SF:src/constants.ts
FNF:0
FNH:0
DA:2,3
LF:1
LH:1
BRF:0
BRH:0
end_of_record
TN:
SF:src/index.ts
FN:10,(anonymous_7)
FN:11,(anonymous_8)
FN:15,(anonymous_9)
FN:16,(anonymous_10)
FNF:4
FNH:4
FNDA:1,(anonymous_7)
FNDA:1,(anonymous_8)
FNDA:1,(anonymous_9)
FNDA:1,(anonymous_10)
DA:1,2
DA:2,2
DA:3,2
DA:4,2
DA:5,2
DA:8,2
DA:10,3
DA:11,3
DA:12,2
DA:13,2
DA:14,2
DA:15,3
DA:16,3
DA:19,2
LF:14
LH:14
BRF:0
BRH:0
end_of_record
TN:
SF:src/utils.ts
FN:1,removeUndefined
FN:4,(anonymous_1)
FN:5,(anonymous_2)
FN:8,(anonymous_3)
FNF:4
FNH:4
FNDA:28,removeUndefined
FNDA:34,(anonymous_1)
FNDA:24,(anonymous_2)
FNDA:28,(anonymous_3)
DA:2,28
DA:3,28
DA:4,34
DA:5,24
DA:6,28
DA:8,3
DA:9,28
LF:7
LH:7
BRDA:3,0,0,28
BRDA:3,0,1,11
BRF:2
BRH:2
end_of_record
TN:
SF:src/adapters/dd_tinyapp.ts
FN:6,(anonymous_7)
FN:18,(anonymous_9)
FN:28,(anonymous_11)
FN:35,(anonymous_13)
FN:44,(anonymous_15)
FN:48,(anonymous_17)
FN:52,(anonymous_18)
FN:55,(anonymous_19)
FN:59,(anonymous_20)
FN:63,(anonymous_22)
FN:68,(anonymous_23)
FN:73,(anonymous_24)
FN:77,(anonymous_26)
FN:81,(anonymous_27)
FN:86,(anonymous_28)
FNF:15
FNH:14
FNDA:3,(anonymous_7)
FNDA:5,(anonymous_9)
FNDA:2,(anonymous_11)
FNDA:1,(anonymous_13)
FNDA:3,(anonymous_15)
FNDA:2,(anonymous_17)
FNDA:2,(anonymous_18)
FNDA:0,(anonymous_19)
FNDA:5,(anonymous_20)
FNDA:4,(anonymous_22)
FNDA:4,(anonymous_23)
FNDA:2,(anonymous_24)
FNDA:1,(anonymous_26)
FNDA:1,(anonymous_27)
FNDA:1,(anonymous_28)
DA:2,3
DA:4,3
DA:7,3
DA:8,1
DA:10,2
DA:12,2
DA:13,2
DA:15,0
DA:19,5
DA:20,1
DA:23,4
DA:29,2
DA:30,1
DA:33,1
DA:37,1
DA:42,3
DA:45,3
DA:46,1
DA:48,2
DA:50,2
DA:53,2
DA:55,0
DA:60,5
DA:61,1
DA:63,4
DA:65,4
DA:68,4
DA:74,2
DA:75,1
DA:77,1
DA:79,1
DA:81,1
DA:88,1
DA:92,3
DA:94,3
LF:35
LH:33
BRDA:7,0,0,1
BRDA:7,0,1,2
BRDA:12,1,0,0
BRDA:12,1,1,2
BRDA:12,2,0,2
BRDA:12,2,1,2
BRDA:19,3,0,1
BRDA:19,3,1,4
BRDA:29,4,0,1
BRDA:29,4,1,1
BRDA:37,5,0,0
BRDA:37,5,1,1
BRDA:37,6,0,1
BRDA:37,6,1,1
BRDA:45,7,0,1
BRDA:45,7,1,2
BRDA:60,8,0,1
BRDA:60,8,1,4
BRDA:74,9,0,1
BRDA:74,9,1,1
BRDA:88,10,0,0
BRDA:88,10,1,1
BRDA:88,11,0,1
BRDA:88,11,1,1
BRF:24
BRH:21
end_of_record
TN:
SF:src/adapters/index.ts
FN:30,(anonymous_7)
FN:31,(anonymous_8)
FN:28,(anonymous_9)
FN:29,(anonymous_10)
FN:7,getDefaultAdapter
FNF:5
FNH:1
FNDA:0,(anonymous_7)
FNDA:0,(anonymous_8)
FNDA:0,(anonymous_9)
FNDA:0,(anonymous_10)
FNDA:5,getDefaultAdapter
DA:2,3
DA:3,3
DA:4,3
DA:5,3
DA:7,3
DA:8,5
DA:9,5
DA:12,0
DA:13,0
DA:16,0
DA:17,0
DA:20,0
DA:25,3
DA:26,3
DA:27,3
DA:28,3
DA:29,3
DA:30,3
DA:31,3
LF:19
LH:14
BRDA:8,0,0,5
BRDA:8,0,1,0
BRDA:8,1,0,5
BRDA:8,1,1,5
BRDA:12,2,0,0
BRDA:12,2,1,0
BRDA:12,3,0,0
BRDA:12,3,1,0
BRDA:16,4,0,0
BRDA:16,4,1,0
BRDA:16,5,0,0
BRDA:16,5,1,0
BRF:12
BRH:3
end_of_record
TN:
SF:src/adapters/memory.ts
FN:8,(anonymous_7)
FN:14,(anonymous_8)
FN:21,(anonymous_10)
FN:27,(anonymous_12)
FN:38,(anonymous_14)
FN:41,(anonymous_15)
FN:48,(anonymous_17)
FN:54,(anonymous_19)
FNF:8
FNH:8
FNDA:1,(anonymous_7)
FNDA:3,(anonymous_8)
FNDA:5,(anonymous_10)
FNDA:2,(anonymous_12)
FNDA:1,(anonymous_14)
FNDA:3,(anonymous_15)
FNDA:5,(anonymous_17)
FNDA:2,(anonymous_19)
DA:1,3
DA:3,3
DA:5,3
DA:6,1
DA:12,1
DA:15,3
DA:16,1
DA:18,2
DA:19,2
DA:22,5
DA:23,1
DA:25,4
DA:28,2
DA:29,1
DA:31,1
DA:35,3
DA:36,1
DA:39,1
DA:42,3
DA:43,1
DA:45,2
DA:46,2
DA:49,5
DA:50,1
DA:52,4
DA:55,2
DA:56,1
DA:58,1
LF:28
LH:28
BRDA:9,0,0,1
BRDA:15,1,0,1
BRDA:15,1,1,2
BRDA:22,2,0,1
BRDA:22,2,1,4
BRDA:28,3,0,1
BRDA:28,3,1,1
BRDA:42,4,0,1
BRDA:42,4,1,2
BRDA:49,5,0,1
BRDA:49,5,1,4
BRDA:55,6,0,1
BRDA:55,6,1,1
BRF:13
BRH:13
end_of_record
TN:
SF:src/adapters/web.ts
FN:6,(anonymous_0)
FN:17,(anonymous_1)
FN:23,(anonymous_2)
FN:29,(anonymous_3)
FNF:4
FNH:4
FNDA:40,(anonymous_0)
FNDA:30,(anonymous_1)
FNDA:12,(anonymous_2)
FNDA:11,(anonymous_3)
DA:2,3
DA:4,3
DA:7,40
DA:8,1
DA:10,39
DA:11,39
DA:12,39
DA:14,0
DA:18,30
DA:19,1
DA:21,29
DA:24,12
DA:25,1
DA:27,11
DA:30,11
DA:34,3
LF:16
LH:15
BRDA:7,0,0,1
BRDA:7,0,1,39
BRDA:18,1,0,1
BRDA:18,1,1,29
BRDA:24,2,0,1
BRDA:24,2,1,11
BRF:6
BRH:6
end_of_record
TN:
SF:src/adapters/wx_tinyapp.ts
FN:6,(anonymous_7)
FN:18,(anonymous_9)
FN:25,(anonymous_11)
FN:32,(anonymous_13)
FN:41,(anonymous_15)
FN:45,(anonymous_17)
FN:49,(anonymous_18)
FN:52,(anonymous_19)
FN:58,(anonymous_20)
FN:62,(anonymous_22)
FN:67,(anonymous_23)
FN:72,(anonymous_24)
FN:76,(anonymous_26)
FN:80,(anonymous_27)
FN:85,(anonymous_28)
FNF:15
FNH:14
FNDA:3,(anonymous_7)
FNDA:5,(anonymous_9)
FNDA:2,(anonymous_11)
FNDA:1,(anonymous_13)
FNDA:3,(anonymous_15)
FNDA:2,(anonymous_17)
FNDA:2,(anonymous_18)
FNDA:0,(anonymous_19)
FNDA:5,(anonymous_20)
FNDA:4,(anonymous_22)
FNDA:4,(anonymous_23)
FNDA:2,(anonymous_24)
FNDA:1,(anonymous_26)
FNDA:1,(anonymous_27)
FNDA:1,(anonymous_28)
DA:2,3
DA:4,3
DA:7,3
DA:8,1
DA:10,2
DA:12,2
DA:13,2
DA:15,0
DA:19,5
DA:20,1
DA:23,4
DA:26,2
DA:27,1
DA:30,1
DA:34,1
DA:39,3
DA:42,3
DA:43,1
DA:45,2
DA:47,2
DA:50,2
DA:53,0
DA:59,5
DA:60,1
DA:62,4
DA:64,4
DA:67,4
DA:73,2
DA:74,1
DA:76,1
DA:78,1
DA:80,1
DA:87,1
DA:91,3
DA:93,3
LF:35
LH:33
BRDA:7,0,0,1
BRDA:7,0,1,2
BRDA:19,1,0,1
BRDA:19,1,1,4
BRDA:26,2,0,1
BRDA:26,2,1,1
BRDA:34,3,0,0
BRDA:34,3,1,1
BRDA:34,4,0,1
BRDA:34,4,1,1
BRDA:42,5,0,1
BRDA:42,5,1,2
BRDA:59,6,0,1
BRDA:59,6,1,4
BRDA:73,7,0,1
BRDA:73,7,1,1
BRDA:87,8,0,0
BRDA:87,8,1,1
BRDA:87,9,0,1
BRDA:87,9,1,1
BRF:20
BRH:18
end_of_record
TN:
SF:src/core/CacheStrategy.ts
FN:14,(anonymous_8)
FN:34,(anonymous_9)
FN:60,(anonymous_10)
FN:84,(anonymous_12)
FN:88,(anonymous_13)
FN:88,(anonymous_14)
FN:93,(anonymous_15)
FN:93,(anonymous_16)
FN:105,(anonymous_17)
FN:109,(anonymous_18)
FN:109,(anonymous_19)
FN:118,(anonymous_20)
FN:121,(anonymous_21)
FN:121,(anonymous_22)
FN:129,(anonymous_23)
FN:133,(anonymous_24)
FN:133,(anonymous_25)
FN:152,(anonymous_26)
FN:156,(anonymous_27)
FN:156,(anonymous_28)
FN:174,(anonymous_29)
FN:178,(anonymous_30)
FN:178,(anonymous_31)
FN:182,(anonymous_32)
FN:197,(anonymous_33)
FN:201,(anonymous_34)
FN:201,(anonymous_35)
FN:206,(anonymous_36)
FN:206,(anonymous_37)
FN:227,(anonymous_38)
FNF:30
FNH:30
FNDA:3,(anonymous_8)
FNDA:23,(anonymous_9)
FNDA:19,(anonymous_10)
FNDA:2,(anonymous_12)
FNDA:7,(anonymous_13)
FNDA:7,(anonymous_14)
FNDA:4,(anonymous_15)
FNDA:4,(anonymous_16)
FNDA:1,(anonymous_17)
FNDA:1,(anonymous_18)
FNDA:1,(anonymous_19)
FNDA:1,(anonymous_20)
FNDA:1,(anonymous_21)
FNDA:1,(anonymous_22)
FNDA:4,(anonymous_23)
FNDA:9,(anonymous_24)
FNDA:9,(anonymous_25)
FNDA:1,(anonymous_26)
FNDA:2,(anonymous_27)
FNDA:2,(anonymous_28)
FNDA:1,(anonymous_29)
FNDA:2,(anonymous_30)
FNDA:2,(anonymous_31)
FNDA:2,(anonymous_32)
FNDA:1,(anonymous_33)
FNDA:2,(anonymous_34)
FNDA:2,(anonymous_35)
FNDA:1,(anonymous_36)
FNDA:1,(anonymous_37)
FNDA:1,(anonymous_38)
DA:1,2
DA:2,2
DA:4,2
DA:5,2
DA:15,3
DA:22,3
DA:39,23
DA:43,23
DA:48,23
DA:65,19
DA:66,18
DA:70,18
DA:72,1
DA:88,7
DA:89,7
DA:91,7
DA:92,7
DA:93,4
DA:94,4
DA:96,4
DA:98,3
DA:99,3
DA:100,3
DA:109,1
DA:110,1
DA:112,1
DA:113,1
DA:121,1
DA:122,1
DA:123,1
DA:133,9
DA:134,9
DA:137,9
DA:138,9
DA:139,4
DA:141,5
DA:142,5
DA:143,5
DA:156,2
DA:157,2
DA:159,2
DA:160,2
DA:161,1
DA:162,1
DA:167,1
DA:168,1
DA:178,2
DA:179,2
DA:181,2
DA:183,2
DA:184,2
DA:188,2
DA:189,2
DA:201,2
DA:202,2
DA:204,2
DA:205,2
DA:206,1
DA:207,1
DA:208,1
DA:212,1
DA:215,1
DA:217,1
DA:218,1
DA:219,1
DA:228,1
DA:232,2
LF:67
LH:67
BRDA:16,0,0,2
BRDA:16,0,1,1
BRDA:16,1,0,3
BRDA:16,1,1,3
BRDA:17,2,0,2
BRDA:17,2,1,1
BRDA:17,3,0,3
BRDA:17,3,1,3
BRDA:18,4,0,2
BRDA:18,4,1,1
BRDA:18,5,0,3
BRDA:18,5,1,3
BRDA:19,6,0,2
BRDA:19,6,1,1
BRDA:19,7,0,3
BRDA:19,7,1,3
BRDA:23,8,0,3
BRDA:23,8,1,3
BRDA:23,9,0,2
BRDA:23,9,1,1
BRDA:23,10,0,3
BRDA:23,10,1,3
BRDA:44,11,0,11
BRDA:44,11,1,12
BRDA:43,12,0,0
BRDA:43,12,1,23
BRDA:43,13,0,23
BRDA:43,13,1,23
BRDA:44,14,0,0
BRDA:44,14,1,11
BRDA:44,15,0,11
BRDA:44,15,1,11
BRDA:65,16,0,18
BRDA:65,16,1,1
BRDA:92,17,0,4
BRDA:92,17,1,3
BRDA:138,18,0,4
BRDA:138,18,1,5
BRDA:161,19,0,1
BRDA:161,19,1,0
BRDA:205,20,0,1
BRDA:205,20,1,1
BRDA:208,21,0,1
BRDA:208,21,1,0
BRDA:209,22,0,1
BRDA:209,22,1,1
BRF:46
BRH:42
end_of_record
TN:
SF:src/core/Storage.ts
FN:35,(anonymous_8)
FN:49,(anonymous_9)
FN:53,(anonymous_10)
FN:66,(anonymous_12)
FN:87,(anonymous_13)
FN:92,(anonymous_14)
FN:98,(anonymous_16)
FN:103,(anonymous_17)
FN:111,(anonymous_19)
FN:120,(anonymous_20)
FNF:10
FNH:10
FNDA:5,(anonymous_8)
FNDA:63,(anonymous_9)
FNDA:35,(anonymous_10)
FNDA:24,(anonymous_12)
FNDA:4,(anonymous_13)
FNDA:8,(anonymous_14)
FNDA:18,(anonymous_16)
FNDA:3,(anonymous_17)
FNDA:36,(anonymous_19)
FNDA:5,(anonymous_20)
DA:2,3
DA:3,3
DA:4,3
DA:17,3
DA:24,3
DA:36,5
DA:37,5
DA:38,5
DA:39,5
DA:40,5
DA:41,5
DA:43,5
DA:44,5
DA:50,63
DA:54,35
DA:55,35
DA:56,35
DA:57,4
DA:58,4
DA:60,31
DA:61,16
DA:63,15
DA:76,24
DA:77,24
DA:78,24
DA:84,24
DA:88,4
DA:93,8
DA:94,8
DA:95,8
DA:96,3
DA:98,18
DA:99,5
DA:104,3
DA:105,3
DA:106,5
DA:112,36
DA:113,36
DA:114,5
DA:116,31
DA:121,5
DA:122,5
DA:123,1
DA:124,1
DA:125,1
LF:45
LH:45
BRDA:43,0,0,5
BRDA:43,0,1,0
BRDA:56,1,0,4
BRDA:56,1,1,31
BRDA:60,2,0,16
BRDA:60,2,1,15
BRDA:60,3,0,15
BRDA:60,3,1,16
BRDA:60,4,0,31
BRDA:60,4,1,16
BRDA:61,5,0,0
BRDA:61,5,1,16
BRDA:61,6,0,16
BRDA:61,6,1,16
BRDA:76,7,0,24
BRDA:76,7,1,3
BRDA:77,8,0,8
BRDA:77,8,1,16
BRDA:81,9,0,24
BRDA:81,9,1,15
BRDA:93,10,0,0
BRDA:93,10,1,8
BRDA:93,11,0,8
BRDA:93,11,1,8
BRDA:95,12,0,3
BRDA:95,12,1,5
BRDA:95,13,0,0
BRDA:95,13,1,8
BRDA:95,14,0,8
BRDA:95,14,1,8
BRDA:112,15,0,36
BRDA:112,15,1,15
BRDA:113,16,0,5
BRDA:113,16,1,31
BRDA:113,17,0,36
BRDA:113,17,1,21
BRDA:124,18,0,1
BRDA:124,18,1,0
BRF:38
BRH:33
end_of_record
TN:
SF:src/validator/index.ts
FN:7,(anonymous_0)
FN:23,(anonymous_1)
FNF:2
FNH:2
FNDA:149,(anonymous_0)
FNDA:50,(anonymous_1)
DA:7,4
DA:11,149
DA:12,122
DA:14,27
DA:15,27
DA:23,4
DA:24,50
DA:32,16
DA:34,34
LF:9
LH:9
BRDA:11,0,0,122
BRDA:11,0,1,27
BRDA:11,1,0,149
BRDA:11,1,1,146
BRDA:24,2,0,16
BRDA:24,2,1,34
BRDA:25,3,0,50
BRDA:25,3,1,49
BRDA:25,3,2,38
BRDA:25,3,3,37
BRDA:25,3,4,36
BRDA:25,3,5,35
BRF:12
BRH:12
end_of_record
TN:
SF:test/sleep.ts
FN:1,sleep
FN:2,(anonymous_1)
FN:3,(anonymous_2)
FNF:3
FNH:3
FNDA:14,sleep
FNDA:14,(anonymous_1)
FNDA:14,(anonymous_2)
DA:1,2
DA:2,14
DA:3,14
DA:4,14
LF:4
LH:4
BRDA:1,0,0,6
BRF:1
BRH:1
end_of_record
